>>./run_xrun.sh
...
xcelium> run

UVM_INFO @ 0: reporter [RNTST] Running test uart_test...
UVM_INFO ../tests/uart_test.sv(83) @ 0: uvm_test_top [uart_test] Test starting, 3 bytes will be sent
UVM_INFO ../tb/example_tb_top.sv(49) @ 80: reporter [TB_TOP] Reset deasserted
UVM_INFO ../env/uart_scoreboard.sv(88) @ 3715: uvm_test_top.env.sb [uart_scoreboard] PASS [1]  data=8'he6 (11100110)
UVM_INFO ../agent/uart_monitor.sv(99) @ 3715: uvm_test_top.env.agent.mon [uart_monitor] Captured item <- data=8'he6 (11100110)  parity_en=0 parity_odd=0 stop_bits=1  parity_ok=1 framing_ok=1
UVM_INFO ../env/uart_scoreboard.sv(88) @ 5325: uvm_test_top.env.sb [uart_scoreboard] PASS [2]  data=8'ha5 (10100101)
UVM_INFO ../agent/uart_monitor.sv(99) @ 5325: uvm_test_top.env.agent.mon [uart_monitor] Captured item <- data=8'ha5 (10100101)  parity_en=0 parity_odd=0 stop_bits=1  parity_ok=1 framing_ok=1
UVM_INFO ../env/uart_scoreboard.sv(88) @ 6935: uvm_test_top.env.sb [uart_scoreboard] PASS [3]  data=8'h3c (00111100)
UVM_INFO ../agent/uart_monitor.sv(99) @ 6935: uvm_test_top.env.agent.mon [uart_monitor] Captured item <- data=8'h3c (00111100)  parity_en=0 parity_odd=0 stop_bits=1  parity_ok=1 framing_ok=1
UVM_INFO ../tests/uart_test.sv(91) @ 27725: uvm_test_top [uart_test] Test done.
UVM_INFO ../env/uart_scoreboard.sv(104) @ 27725: uvm_test_top.env.sb [uart_scoreboard] ---- Scoreboard Summary: PASS=3  FAIL=0 ----

--- UVM Report catcher Summary ---


Number of demoted UVM_FATAL reports  :    0
Number of demoted UVM_ERROR reports  :    0
Number of demoted UVM_WARNING reports:    0
Number of caught UVM_FATAL reports   :    0
Number of caught UVM_ERROR reports   :    0
Number of caught UVM_WARNING reports :    0

--- UVM Report Summary ---

** Report counts by severity
UVM_INFO :   12
UVM_WARNING :    0
UVM_ERROR :    0
UVM_FATAL :    0
** Report counts by id
[RNTST]     1
[TB_TOP]     1
[TEST_DONE]     1
[uart_monitor]     3
[uart_scoreboard]     4
[uart_test]     2
Simulation complete via $finish(1) at time 27725 NS + 45
$finish;
xcelium> exit
Simulation time at exit is: 27725000000 FS
